<?xml version="1.0" encoding="UTF-8"?>
<!-- Generated by org.testng.reporters.JUnitXMLReporter -->
<testsuite ignored="0" hostname="LAPTOP-B6MQFRDE" failures="0" tests="4" name="TestRunner2" time="32.6" errors="0" timestamp="2024-09-03T19:48:47 IST">
  <testcase classname="GenericUtility.BaseClass" name="demo" time="0.002"/>
  <testcase classname="TestNGFinalScripts.createOrgnization1Test" name="createOrgnizationTest" time="0.0">
    <skipped/>
  </testcase> <!-- createOrgnizationTest -->
  <testcase classname="GenericUtility.BaseClass" name="demo" time="0.001"/>
  <testcase classname="TestNGFinalScripts.createOrgnizationTest" name="createOrgnizationTest" time="0.002">
    <skipped/>
  </testcase> <!-- createOrgnizationTest -->
</testsuite> <!-- TestRunner2 -->
